<?xml version="1.0" encoding="UTF-8" ?>
<testsuite failures="0" time="1.034" errors="0" skipped="0" tests="9" name="uk.ac.dotrural.prov.sparql.ProvSparqlBuilderGetterTest">
  <properties>
[...]
</properties>
  <testcase time="0.953" classname="uk.ac.dotrural.prov.sparql.ProvSparqlBuilderGetterTest" name="testStartedAtTime"/>
  <testcase time="0.004" classname="uk.ac.dotrural.prov.sparql.ProvSparqlBuilderGetterTest" name="testEndedAtTime"/>
  <testcase time="0.003" classname="uk.ac.dotrural.prov.sparql.ProvSparqlBuilderGetterTest" name="testWasInformedBy"/>
  <testcase time="0.004" classname="uk.ac.dotrural.prov.sparql.ProvSparqlBuilderGetterTest" name="testWasAssociatedWith"/>
  <testcase time="0.003" classname="uk.ac.dotrural.prov.sparql.ProvSparqlBuilderGetterTest" name="testUsed"/>
  <testcase time="0.005" classname="uk.ac.dotrural.prov.sparql.ProvSparqlBuilderGetterTest" name="testActedOnBehalfOf"/>
  <testcase time="0.003" classname="uk.ac.dotrural.prov.sparql.ProvSparqlBuilderGetterTest" name="testWasGeneratedBy"/>
  <testcase time="0.003" classname="uk.ac.dotrural.prov.sparql.ProvSparqlBuilderGetterTest" name="testWasDerivedFrom"/>
  <testcase time="0.003" classname="uk.ac.dotrural.prov.sparql.ProvSparqlBuilderGetterTest" name="testWasAttributedTo"/>
</testsuite>